weiboSDKDemo/build/outputs/logs/manifest-merger-debug-report.txt
-- Merging decision tree log ---
manifest
ADDED from src\main\AndroidManifest.xml:2:1-150:12
	package
		ADDED from src\main\AndroidManifest.xml:3:5-38
		INJECTED from src\main\AndroidManifest.xml
		INJECTED from src\main\AndroidManifest.xml
	android:versionName
		ADDED from src\main\AndroidManifest.xml:5:5-32
		INJECTED from src\main\AndroidManifest.xml
		INJECTED from src\main\AndroidManifest.xml
	android:versionCode
		ADDED from src\main\AndroidManifest.xml:4:5-28
		INJECTED from src\main\AndroidManifest.xml
		INJECTED from src\main\AndroidManifest.xml
	xmlns:android
		ADDED from src\main\AndroidManifest.xml:2:11-69
uses-sdk
ADDED from src\main\AndroidManifest.xml:7:5-9:41
MERGED from [WeiboSDKDemo:weiboSDK:unspecified] AndroidManifest.xml:7:5-9:41
MERGED from [com.android.support:support-v4:20.0.0] AndroidManifest.xml:16:5-42
MERGED from [com.android.support:support-v4:20.0.0] AndroidManifest.xml:16:5-42
	android:targetSdkVersion
		ADDED from src\main\AndroidManifest.xml:9:9-38
		INJECTED from src\main\AndroidManifest.xml
		INJECTED from src\main\AndroidManifest.xml
	android:minSdkVersion
		ADDED from src\main\AndroidManifest.xml:8:9-34
		INJECTED from src\main\AndroidManifest.xml
		INJECTED from src\main\AndroidManifest.xml
uses-permission#android.permission.INTERNET
ADDED from src\main\AndroidManifest.xml:11:5-67
	android:name
		ADDED from src\main\AndroidManifest.xml:11:22-64
uses-permission#android.permission.ACCESS_WIFI_STATE
ADDED from src\main\AndroidManifest.xml:12:5-76
	android:name
		ADDED from src\main\AndroidManifest.xml:12:22-73
uses-permission#android.permission.ACCESS_NETWORK_STATE
ADDED from src\main\AndroidManifest.xml:13:5-79
	android:name
		ADDED from src\main\AndroidManifest.xml:13:22-76
uses-permission#android.permission.WRITE_EXTERNAL_STORAGE
ADDED from src\main\AndroidManifest.xml:14:5-81
	android:name
		ADDED from src\main\AndroidManifest.xml:14:22-78
uses-permission#android.permission.READ_PHONE_STATE
ADDED from src\main\AndroidManifest.xml:16:5-75
	android:name
		ADDED from src\main\AndroidManifest.xml:16:22-72
application
ADDED from src\main\AndroidManifest.xml:17:5-148:19
MERGED from [com.android.support:support-v4:20.0.0] AndroidManifest.xml:17:5-19
MERGED from [com.android.support:support-v4:20.0.0] AndroidManifest.xml:17:5-19
	android:label
		ADDED from src\main\AndroidManifest.xml:21:9-41
	android:debuggable
		ADDED from src\main\AndroidManifest.xml:19:9-34
	android:allowBackup
		ADDED from src\main\AndroidManifest.xml:18:9-35
	android:icon
		ADDED from src\main\AndroidManifest.xml:20:9-41
	android:theme
		ADDED from src\main\AndroidManifest.xml:22:9-40
activity#com.sina.weibo.sdk.demo.WBDemoMainActivity
ADDED from src\main\AndroidManifest.xml:25:9-32:20
	android:label
		ADDED from src\main\AndroidManifest.xml:27:13-45
	android:name
		ADDED from src\main\AndroidManifest.xml:26:13-47
intent-filter#android.intent.action.MAIN+android.intent.category.LAUNCHER
ADDED from src\main\AndroidManifest.xml:28:13-31:29
action#android.intent.action.MAIN
ADDED from src\main\AndroidManifest.xml:29:17-69
	android:name
		ADDED from src\main\AndroidManifest.xml:29:25-66
category#android.intent.category.LAUNCHER
ADDED from src\main\AndroidManifest.xml:30:17-77
	android:name
		ADDED from src\main\AndroidManifest.xml:30:27-74
activity#com.sina.weibo.sdk.demo.WBAuthActivity
ADDED from src\main\AndroidManifest.xml:35:9-52
	android:name
		ADDED from src\main\AndroidManifest.xml:35:19-49
activity#com.sina.weibo.sdk.demo.WBAuthCodeActivity
ADDED from src\main\AndroidManifest.xml:36:9-56
	android:name
		ADDED from src\main\AndroidManifest.xml:36:19-53
activity#com.sina.weibo.sdk.demo.WBShareMainActivity
ADDED from src\main\AndroidManifest.xml:37:9-57
	android:name
		ADDED from src\main\AndroidManifest.xml:37:19-54
activity#com.sina.weibo.sdk.demo.WBShareActivity
ADDED from src\main\AndroidManifest.xml:40:9-48:20
	android:screenOrientation
		ADDED from src\main\AndroidManifest.xml:43:13-49
	android:configChanges
		ADDED from src\main\AndroidManifest.xml:42:13-63
	android:name
		ADDED from src\main\AndroidManifest.xml:41:13-44
intent-filter#android.intent.category.DEFAULT+com.sina.weibo.sdk.action.ACTION_SDK_REQ_ACTIVITY
ADDED from src\main\AndroidManifest.xml:44:13-47:29
action#com.sina.weibo.sdk.action.ACTION_SDK_REQ_ACTIVITY
ADDED from src\main\AndroidManifest.xml:45:17-92
	android:name
		ADDED from src\main\AndroidManifest.xml:45:25-89
category#android.intent.category.DEFAULT
ADDED from src\main\AndroidManifest.xml:46:17-76
	android:name
		ADDED from src\main\AndroidManifest.xml:46:27-73
activity#com.sina.weibo.sdk.demo.WBShareResponseActivity
ADDED from src\main\AndroidManifest.xml:49:9-54:20
	android:name
		ADDED from src\main\AndroidManifest.xml:49:19-58
intent-filter#android.intent.category.DEFAULT+com.sina.weibo.sdk.action.ACTION_SDK_RESP_ACTIVITY
ADDED from src\main\AndroidManifest.xml:50:13-53:29
action#com.sina.weibo.sdk.action.ACTION_SDK_RESP_ACTIVITY
ADDED from src\main\AndroidManifest.xml:51:17-93
	android:name
		ADDED from src\main\AndroidManifest.xml:51:25-90
activity#com.sina.weibo.sdk.demo.WBSocialActivity
ADDED from src\main\AndroidManifest.xml:57:9-76
	android:name
		ADDED from src\main\AndroidManifest.xml:57:19-74
activity#com.sina.weibo.sdk.demo.WBLoginLogoutActivity
ADDED from src\main\AndroidManifest.xml:60:9-59
	android:name
		ADDED from src\main\AndroidManifest.xml:60:19-56
activity#com.sina.weibo.sdk.demo.openapi.WBOpenAPIActivity
ADDED from src\main\AndroidManifest.xml:63:9-63
	android:name
		ADDED from src\main\AndroidManifest.xml:63:19-60
activity#com.sina.weibo.sdk.demo.openapi.WBUserAPIActivity
ADDED from src\main\AndroidManifest.xml:64:9-63
	android:name
		ADDED from src\main\AndroidManifest.xml:64:19-60
activity#com.sina.weibo.sdk.demo.openapi.WBStatusAPIActivity
ADDED from src\main\AndroidManifest.xml:65:9-65
	android:name
		ADDED from src\main\AndroidManifest.xml:65:19-62
activity#com.sina.weibo.sdk.demo.openapi.WBCommentAPIActivity
ADDED from src\main\AndroidManifest.xml:66:9-66
	android:name
		ADDED from src\main\AndroidManifest.xml:66:19-63
activity#com.sina.weibo.sdk.demo.openapi.WBInviteAPIActivity
ADDED from src\main\AndroidManifest.xml:67:9-65
	android:name
		ADDED from src\main\AndroidManifest.xml:67:19-62
activity#com.sina.weibo.sdk.demo.openapi.WBLogoutAPIActivity
ADDED from src\main\AndroidManifest.xml:68:9-65
	android:name
		ADDED from src\main\AndroidManifest.xml:68:19-62
activity#com.sina.weibo.sdk.component.WeiboSdkBrowser
ADDED from src\main\AndroidManifest.xml:75:9-79:20
	android:exported
		ADDED from src\main\AndroidManifest.xml:78:13-37
	android:windowSoftInputMode
		ADDED from src\main\AndroidManifest.xml:77:13-55
	android:configChanges
		ADDED from src\main\AndroidManifest.xml:76:13-63
	android:name
		ADDED from src\main\AndroidManifest.xml:75:19-78
activity#com.sina.weibo.sdk.register.mobile.MobileRegisterActivity
ADDED from src\main\AndroidManifest.xml:82:9-87:20
	android:screenOrientation
		ADDED from src\main\AndroidManifest.xml:84:13-49
	android:exported
		ADDED from src\main\AndroidManifest.xml:86:13-37
	android:windowSoftInputMode
		ADDED from src\main\AndroidManifest.xml:85:13-55
	android:configChanges
		ADDED from src\main\AndroidManifest.xml:83:13-63
	android:name
		ADDED from src\main\AndroidManifest.xml:82:19-91
activity#com.sina.weibo.sdk.register.mobile.SelectCountryActivity
ADDED from src\main\AndroidManifest.xml:90:9-94:20
	android:exported
		ADDED from src\main\AndroidManifest.xml:93:13-37
	android:windowSoftInputMode
		ADDED from src\main\AndroidManifest.xml:92:13-55
	android:configChanges
		ADDED from src\main\AndroidManifest.xml:91:13-63
	android:name
		ADDED from src\main\AndroidManifest.xml:90:19-90
activity#com.sina.weibo.sdk.demo.WBGameActivity
ADDED from src\main\AndroidManifest.xml:97:9-101:20
	android:exported
		ADDED from src\main\AndroidManifest.xml:100:13-37
	android:windowSoftInputMode
		ADDED from src\main\AndroidManifest.xml:99:13-55
	android:configChanges
		ADDED from src\main\AndroidManifest.xml:98:13-63
	android:name
		ADDED from src\main\AndroidManifest.xml:97:19-72
activity#com.sina.weibo.sdk.demo.WBPayActivityOld
ADDED from src\main\AndroidManifest.xml:104:10-108:20
	android:exported
		ADDED from src\main\AndroidManifest.xml:107:13-37
	android:windowSoftInputMode
		ADDED from src\main\AndroidManifest.xml:106:13-55
	android:configChanges
		ADDED from src\main\AndroidManifest.xml:105:13-63
	android:name
		ADDED from src\main\AndroidManifest.xml:104:20-75
activity#com.sina.weibo.sdk.demo.WBStatisticActivity
ADDED from src\main\AndroidManifest.xml:112:9-57
	android:name
		ADDED from src\main\AndroidManifest.xml:112:19-54
activity#com.sina.weibo.sdk.demo.WBPayActivity
ADDED from src\main\AndroidManifest.xml:115:10-120:20
	android:name
		ADDED from src\main\AndroidManifest.xml:115:20-72
intent-filter#android.intent.category.DEFAULT+com.sina.weibo.sdk.action.ACTION_SDK_REQ_PAY_ACTIVITY
ADDED from src\main\AndroidManifest.xml:116:13-119:29
action#com.sina.weibo.sdk.action.ACTION_SDK_REQ_PAY_ACTIVITY
ADDED from src\main\AndroidManifest.xml:117:17-96
	android:name
		ADDED from src\main\AndroidManifest.xml:117:25-93
activity#com.sina.weibo.sdk.demo.WBShareToMessageFriendActivity
ADDED from src\main\AndroidManifest.xml:122:9-135:20
	android:launchMode
		ADDED from src\main\AndroidManifest.xml:125:13-44
	android:exported
		ADDED from src\main\AndroidManifest.xml:126:13-36
	android:windowSoftInputMode
		ADDED from src\main\AndroidManifest.xml:124:13-55
	android:configChanges
		ADDED from src\main\AndroidManifest.xml:123:13-63
	android:name
		ADDED from src\main\AndroidManifest.xml:122:19-88
intent-filter#android.intent.action.VIEW+android.intent.category.BROWSABLE+android.intent.category.DEFAULT
ADDED from src\main\AndroidManifest.xml:128:11-133:27
action#android.intent.action.VIEW
ADDED from src\main\AndroidManifest.xml:129:17-69
	android:name
		ADDED from src\main\AndroidManifest.xml:129:25-66
category#android.intent.category.BROWSABLE
ADDED from src\main\AndroidManifest.xml:131:17-78
	android:name
		ADDED from src\main\AndroidManifest.xml:131:27-75
data
ADDED from src\main\AndroidManifest.xml:132:17-72
	android:host
		ADDED from src\main\AndroidManifest.xml:132:50-70
	android:scheme
		ADDED from src\main\AndroidManifest.xml:132:23-49
meta-data#WEIBO_APPKEY
ADDED from src\main\AndroidManifest.xml:137:9-139:42
	android:value
		ADDED from src\main\AndroidManifest.xml:139:13-39
	android:name
		ADDED from src\main\AndroidManifest.xml:138:13-40
meta-data#WEIBO_CHANNEL
ADDED from src\main\AndroidManifest.xml:140:9-142:37
	android:value
		ADDED from src\main\AndroidManifest.xml:142:13-34
	android:name
		ADDED from src\main\AndroidManifest.xml:141:13-41
service#com.sina.weibo.sdk.net.DownloadService
ADDED from src\main\AndroidManifest.xml:144:9-147:11
	android:exported
		ADDED from src\main\AndroidManifest.xml:146:13-37
	android:name
		ADDED from src\main\AndroidManifest.xml:145:13-66